<?xml version="1.0" encoding="UTF-8"?>
<!-- Generated by org.testng.reporters.JUnitReportReporter -->
<testsuite hostname="DESKTOP-QA2UGQA" failures="0" tests="1" name="testCases.RealTestCase001" time="0.069" errors="0" timestamp="2022-02-15T13:28:55 IST" skipped="0">
  <testcase classname="testCases.RealTestCase001" name="RealTestCase001_Method001" time="0.069"/>
  <system-out/>
</testsuite> <!-- testCases.RealTestCase001 -->
