<?xml version="1.0" encoding="UTF-8"?>
<!-- Generated by org.testng.reporters.JUnitReportReporter -->
<testsuite hostname="DESKTOP-QA2UGQA" failures="0" tests="1" name="coreJavaLearning.TestngListenersLearning" time="0.021" errors="0" timestamp="2022-02-10T15:17:17 IST" skipped="0">
  <testcase classname="coreJavaLearning.TestngListenersLearning" name="methodForListenerTest" time="0.021"/>
  <system-out/>
</testsuite> <!-- coreJavaLearning.TestngListenersLearning -->
