<?xml version="1.0" encoding="UTF-8"?>
<!-- Generated by org.testng.reporters.JUnitReportReporter -->
<testsuite hostname="DESKTOP-QA2UGQA" failures="0" tests="1" name="testCases.LoginTestCase001" time="28.326" errors="0" timestamp="2022-02-15T13:28:55 IST" skipped="0">
  <testcase classname="testCases.LoginTestCase001" name="loginTestCase" time="28.326"/>
  <system-out/>
</testsuite> <!-- testCases.LoginTestCase001 -->
