<?xml version="1.0" encoding="UTF-8"?>
<!-- Generated by org.testng.reporters.JUnitReportReporter -->
<testsuite hostname="DESKTOP-QA2UGQA" failures="0" tests="1" name="runner.CucumberRunner" time="0.593" errors="0" timestamp="2022-02-08T13:54:11 IST" skipped="0">
  <testcase classname="runner.CucumberRunner" name="runScenario" time="0.593"/>
  <system-out/>
</testsuite> <!-- runner.CucumberRunner -->
