<?xml version="1.0" encoding="UTF-8"?>
<!-- Generated by org.testng.reporters.JUnitReportReporter -->
<testsuite hostname="DESKTOP-QA2UGQA" failures="0" tests="1" name="testCases.TestCase001" time="0.003" errors="0" timestamp="2022-02-11T12:22:45 IST" skipped="0">
  <testcase classname="testCases.TestCase001" name="demoTestcase" time="0.003"/>
  <system-out/>
</testsuite> <!-- testCases.TestCase001 -->
