<?xml version="1.0" encoding="UTF-8"?>
<!-- Generated by org.testng.reporters.JUnitReportReporter -->
<testsuite hostname="DESKTOP-QA2UGQA" failures="0" tests="1" name="testCases.RealTestCase002" time="0.057" errors="0" timestamp="2022-02-15T13:28:55 IST" skipped="0">
  <testcase classname="testCases.RealTestCase002" name="RealTestCase002_Method001" time="0.057"/>
  <system-out/>
</testsuite> <!-- testCases.RealTestCase002 -->
