<?xml version="1.0" encoding="UTF-8"?>
<!-- Generated by org.testng.reporters.JUnitReportReporter -->
<testsuite hostname="DESKTOP-QA2UGQA" failures="0" tests="2" name="coreJavaLearning.TestngLearning2" time="0.006" errors="0" timestamp="2022-02-10T17:23:58 IST" skipped="0">
  <testcase classname="coreJavaLearning.TestngLearning2" name="testMethod1" time="0.003"/>
  <system-out/>
  <testcase classname="coreJavaLearning.TestngLearning2" name="class1Method2" time="0.003"/>
  <system-out/>
</testsuite> <!-- coreJavaLearning.TestngLearning2 -->
