<?xml version="1.0" encoding="UTF-8"?>
<!-- Generated by org.testng.reporters.JUnitReportReporter -->
<testsuite hostname="DESKTOP-QA2UGQA" failures="0" tests="1" name="testCases.OpenSalesAppTestCase002" time="35.864" errors="0" timestamp="2022-02-15T13:28:55 IST" skipped="0">
  <testcase classname="testCases.OpenSalesAppTestCase002" name="loginTestCase" time="35.864"/>
  <system-out/>
</testsuite> <!-- testCases.OpenSalesAppTestCase002 -->
