<?xml version="1.0" encoding="UTF-8"?>
<!-- Generated by org.testng.reporters.JUnitReportReporter -->
<testsuite hostname="DESKTOP-QA2UGQA" failures="0" tests="2" name="testCases.ThreadLocalMethodLevelSample" time="24.640" errors="0" timestamp="2022-02-11T07:14:02 IST" skipped="0">
  <testcase classname="testCases.ThreadLocalMethodLevelSample" name="test1" time="12.276"/>
  <system-out/>
  <testcase classname="testCases.ThreadLocalMethodLevelSample" name="test2" time="12.364"/>
  <system-out/>
</testsuite> <!-- testCases.ThreadLocalMethodLevelSample -->
