<?xml version="1.0" encoding="UTF-8"?>
<!-- Generated by org.testng.reporters.JUnitReportReporter -->
<testsuite hostname="DESKTOP-QA2UGQA" failures="0" tests="1" name="coreJavaLearning.TestngLearning" time="0.008" errors="0" timestamp="2022-02-10T17:23:58 IST" skipped="0">
  <testcase classname="coreJavaLearning.TestngLearning" name="class1Method2" time="0.008"/>
  <system-out/>
</testsuite> <!-- coreJavaLearning.TestngLearning -->
