<?xml version="1.0" encoding="UTF-8"?>
<!-- Generated by org.testng.reporters.JUnitReportReporter -->
<testsuite hostname="DESKTOP-QA2UGQA" failures="0" tests="1" name="coreJavaLearning.ExtentReportLearning" time="1.217" errors="0" timestamp="2022-02-10T17:23:58 IST" skipped="0">
  <testcase classname="coreJavaLearning.ExtentReportLearning" name="extentReportMethod" time="1.217"/>
  <system-out/>
</testsuite> <!-- coreJavaLearning.ExtentReportLearning -->
