<?xml version="1.0" encoding="UTF-8"?>
<!-- Generated by org.testng.reporters.JUnitReportReporter -->
<testsuite hostname="DESKTOP-QA2UGQA" failures="0" tests="1" name="testCases.LoginTestCase001" time="30.868" errors="0" timestamp="2022-03-15T08:44:59 IST" skipped="0">
  <testcase classname="testCases.LoginTestCase001" name="loginTestCase" time="30.868"/>
  <system-out/>
</testsuite> <!-- testCases.LoginTestCase001 -->
