<?xml version="1.0" encoding="UTF-8"?>
<!-- Generated by org.testng.reporters.JUnitReportReporter -->
<testsuite hostname="DESKTOP-QA2UGQA" failures="0" tests="1" name="testCases.RealTestCase001" time="4529.694" errors="0" timestamp="2022-03-15T08:44:59 IST" skipped="0">
  <testcase classname="testCases.RealTestCase001" name="RealTestCase001_Method001" time="4529.694"/>
  <system-out/>
</testsuite> <!-- testCases.RealTestCase001 -->
